#
# An unexpected error has been detected by Java Runtime Environment:
#
#  EXCEPTION_ACCESS_VIOLATION (0xc0000005) at pc=0x7c92b1fa, pid=2424, tid=2492
#
# Java VM: Java HotSpot(TM) Client VM (10.0-b19 mixed mode windows-x86)
# Problematic frame:
# C  [ntdll.dll+0x1b1fa]
#
# If you would like to submit a bug report, please visit:
#   http://java.sun.com/webapps/bugreport/crash.jsp
# The crash happened outside the Java Virtual Machine in native code.
# See problematic frame for where to report the bug.
#

---------------  T H R E A D  ---------------

Current thread (0x0ab4f800):  JavaThread "JDWP Command Reader" daemon [_thread_in_native, id=2492, stack(0x0b020000,0x0b070000)]

siginfo: ExceptionCode=0xc0000005, writing address 0x00000010

Registers:
EAX=0x00000000, EBX=0x00000000, ECX=0x00002d68, EDX=0x0ae062fc
ESP=0x0b06f9f0, EBP=0x0b06fa64, ESI=0x0ae062ec, EDI=0x00000000
EIP=0x7c92b1fa, EFLAGS=0x00010246

Top of Stack: (sp=0x0b06f9f0)
0x0b06f9f0:   0ade20b8 00000000 00000000 ffb3b4c0
0x0b06fa00:   ffffffff 0009cea8 00000000 00000000
0x0b06fa10:   0b06fa88 719d57c9 00002ce4 00002d68
0x0b06fa20:   00000002 719d44a8 0b06fb14 0b06fb20
0x0b06fa30:   00000001 0b06fafc 00000001 00000000
0x0b06fa40:   00000020 0b06fb84 0b06fb0c 00000000
0x0b06fa50:   00000000 00002ce4 00000000 00000000
0x0b06fa60:   00002d68 0b06fafc 7c911046 00e062ec 

Instructions: (pc=0x7c92b1fa)
0x7c92b1ea:   8b 46 10 3b c3 89 45 fc 0f 84 9e 00 00 00 8b 06
0x7c92b1fa:   ff 40 10 8b 45 fc 83 e0 01 89 45 e8 8b 06 ff 40 


Stack: [0x0b020000,0x0b070000],  sp=0x0b06f9f0,  free space=318k
Native frames: (J=compiled Java code, j=interpreted, Vv=VM code, C=native code)
C  [ntdll.dll+0x1b1fa]
C  [ntdll.dll+0x1046]


---------------  P R O C E S S  ---------------

Java Threads: ( => current thread )
  0x0b32cc00 JavaThread "Image Animator 0" daemon [_thread_in_native, id=3352, stack(0x0d6f0000,0x0d740000)]
  0x0b32b800 JavaThread "Thread-8" [_thread_blocked, id=3192, stack(0x0d6a0000,0x0d6f0000)]
  0x0b326000 JavaThread "Timer-0" [_thread_blocked, id=3428, stack(0x0d650000,0x0d6a0000)]
  0x003e5c00 JavaThread "DestroyJavaVM" [_thread_blocked, id=3288, stack(0x00910000,0x00960000)]
  0x0b2d4000 JavaThread "AWT-EventQueue-0" [_thread_blocked, id=2176, stack(0x0d520000,0x0d570000)]
  0x0b2bb400 JavaThread "AWT-Shutdown" [_thread_blocked, id=4076, stack(0x0d410000,0x0d460000)]
  0x0b2ba800 JavaThread "Java2D Disposer" daemon [_thread_blocked, id=2856, stack(0x0d3c0000,0x0d410000)]
  0x0ab5d400 JavaThread "Low Memory Detector" daemon [_thread_blocked, id=2332, stack(0x0b0c0000,0x0b110000)]
  0x0ab52400 JavaThread "CompilerThread0" daemon [_thread_blocked, id=1824, stack(0x0b070000,0x0b0c0000)]
=>0x0ab4f800 JavaThread "JDWP Command Reader" daemon [_thread_in_native, id=2492, stack(0x0b020000,0x0b070000)]
  0x0ab44800 JavaThread "JDWP Event Helper Thread" daemon [_thread_blocked, id=3404, stack(0x0afd0000,0x0b020000)]
  0x0ab42800 JavaThread "JDWP Transport Listener: dt_socket" daemon [_thread_blocked, id=3220, stack(0x0af80000,0x0afd0000)]
  0x0ab37c00 JavaThread "Attach Listener" daemon [_thread_blocked, id=1452, stack(0x0acf0000,0x0ad40000)]
  0x0ab36c00 JavaThread "Signal Dispatcher" daemon [_thread_blocked, id=1640, stack(0x0aca0000,0x0acf0000)]
  0x0ab29000 JavaThread "Finalizer" daemon [_thread_blocked, id=3884, stack(0x0ac50000,0x0aca0000)]
  0x0ab24c00 JavaThread "Reference Handler" daemon [_thread_blocked, id=3756, stack(0x0ac00000,0x0ac50000)]

Other Threads:
  0x0ab20000 VMThread [stack: 0x0abb0000,0x0ac00000] [id=2664]

VM state:at safepoint (normal execution)

VM Mutex/Monitor currently owned by a thread:  ([mutex/lock_event])
[0x003e51c0/0x00002f10] Threads_lock - owner thread: 0x0ab20000

Heap
 def new generation   total 960K, used 188K [0x02a10000, 0x02b10000, 0x02ef0000)
  eden space 896K,  20% used [0x02a10000, 0x02a3dc78, 0x02af0000)
  from space 64K,   8% used [0x02b00000, 0x02b015b8, 0x02b10000)
  to   space 64K,   0% used [0x02af0000, 0x02af0000, 0x02b00000)
 tenured generation   total 4096K, used 1428K [0x02ef0000, 0x032f0000, 0x06a10000)
   the space 4096K,  34% used [0x02ef0000, 0x030553f8, 0x03055400, 0x032f0000)
 compacting perm gen  total 12288K, used 8125K [0x06a10000, 0x07610000, 0x0aa10000)
   the space 12288K,  66% used [0x06a10000, 0x071ff7d0, 0x071ff800, 0x07610000)
No shared spaces configured.

Dynamic libraries:
0x00400000 - 0x00423000 	C:\Archivos de programa\Java\jre1.6.0_05\bin\javaw.exe
0x7c910000 - 0x7c9c5000 	C:\WINDOWS\system32\ntdll.dll
0x7c800000 - 0x7c903000 	C:\WINDOWS\system32\kernel32.dll
0x77da0000 - 0x77e4c000 	C:\WINDOWS\system32\ADVAPI32.dll
0x77e50000 - 0x77ee2000 	C:\WINDOWS\system32\RPCRT4.dll
0x77fc0000 - 0x77fd1000 	C:\WINDOWS\system32\Secur32.dll
0x7e390000 - 0x7e421000 	C:\WINDOWS\system32\USER32.dll
0x77ef0000 - 0x77f39000 	C:\WINDOWS\system32\GDI32.dll
0x76340000 - 0x7635d000 	C:\WINDOWS\system32\IMM32.DLL
0x7c340000 - 0x7c396000 	C:\Archivos de programa\Java\jre1.6.0_05\bin\msvcr71.dll
0x6d7c0000 - 0x6da10000 	C:\Archivos de programa\Java\jre1.6.0_05\bin\client\jvm.dll
0x76b00000 - 0x76b2e000 	C:\WINDOWS\system32\WINMM.dll
0x6d270000 - 0x6d278000 	C:\Archivos de programa\Java\jre1.6.0_05\bin\hpi.dll
0x76bb0000 - 0x76bbb000 	C:\WINDOWS\system32\PSAPI.DLL
0x6d360000 - 0x6d389000 	C:\Archivos de programa\Java\jre1.6.0_05\bin\jdwp.dll
0x6d6c0000 - 0x6d6c6000 	C:\Archivos de programa\Java\jre1.6.0_05\bin\npt.dll
0x6d770000 - 0x6d77c000 	C:\Archivos de programa\Java\jre1.6.0_05\bin\verify.dll
0x6d310000 - 0x6d32f000 	C:\Archivos de programa\Java\jre1.6.0_05\bin\java.dll
0x6d7b0000 - 0x6d7bf000 	C:\Archivos de programa\Java\jre1.6.0_05\bin\zip.dll
0x6d1e0000 - 0x6d1e7000 	C:\Archivos de programa\Java\jre1.6.0_05\bin\dt_socket.dll
0x71a30000 - 0x71a47000 	C:\WINDOWS\system32\WS2_32.dll
0x77be0000 - 0x77c38000 	C:\WINDOWS\system32\msvcrt.dll
0x71a20000 - 0x71a28000 	C:\WINDOWS\system32\WS2HELP.dll
0x719d0000 - 0x71a10000 	C:\WINDOWS\System32\mswsock.dll
0x76ee0000 - 0x76f07000 	C:\WINDOWS\system32\DNSAPI.dll
0x76f70000 - 0x76f78000 	C:\WINDOWS\System32\winrnr.dll
0x76f20000 - 0x76f4d000 	C:\WINDOWS\system32\WLDAP32.dll
0x76f80000 - 0x76f86000 	C:\WINDOWS\system32\rasadhlp.dll
0x20b00000 - 0x20b4b000 	C:\WINDOWS\system32\imon.dll
0x774b0000 - 0x775ed000 	C:\WINDOWS\system32\ole32.dll
0x71a50000 - 0x71a5a000 	C:\WINDOWS\system32\WSOCK32.dll
0x20c00000 - 0x20c0d000 	C:\Archivos de programa\Eset\pr_imon.dll
0x66740000 - 0x66799000 	C:\WINDOWS\system32\hnetcfg.dll
0x71a10000 - 0x71a18000 	C:\WINDOWS\System32\wshtcpip.dll
0x6d000000 - 0x6d12e000 	C:\Archivos de programa\Java\jre1.6.0_05\bin\awt.dll
0x72f80000 - 0x72fa6000 	C:\WINDOWS\system32\WINSPOOL.DRV
0x5b150000 - 0x5b188000 	C:\WINDOWS\system32\uxtheme.dll
0x736e0000 - 0x7372b000 	C:\WINDOWS\system32\ddraw.dll
0x73b40000 - 0x73b46000 	C:\WINDOWS\system32\DCIMAN32.dll
0x746b0000 - 0x746fc000 	C:\WINDOWS\system32\MSCTF.dll
0x75160000 - 0x7518e000 	C:\WINDOWS\system32\msctfime.ime
0x6d210000 - 0x6d263000 	C:\Archivos de programa\Java\jre1.6.0_05\bin\fontmanager.dll
0x7e6a0000 - 0x7eec1000 	C:\WINDOWS\system32\shell32.dll
0x77f40000 - 0x77fb6000 	C:\WINDOWS\system32\SHLWAPI.dll
0x773a0000 - 0x774a3000 	C:\WINDOWS\WinSxS\x86_Microsoft.Windows.Common-Controls_6595b64144ccf1df_6.0.2600.5512_x-ww_35d4ce83\comctl32.dll
0x58c30000 - 0x58cca000 	C:\WINDOWS\system32\comctl32.dll
0x6d570000 - 0x6d583000 	C:\Archivos de programa\Java\jre1.6.0_05\bin\net.dll
0x6d590000 - 0x6d599000 	C:\Archivos de programa\Java\jre1.6.0_05\bin\nio.dll

VM Arguments:
jvm_args: -agentlib:jdwp=transport=dt_socket,suspend=y,address=localhost:2397 
java_command: controlador.Principal
Launcher Type: SUN_STANDARD

Environment Variables:
JAVA_HOME=C:\Archivos de programa\Java\jdk1.6.0
PATH=C:\WINDOWS\system32;C:\WINDOWS;C:\WINDOWS\System32\Wbem;c:\Archivos de programa\Microsoft SQL Server\90\Tools\binn\;c:\matlab6p5\bin\win32;C:\Archivos de programa\TortoiseSVN\bin;C:\ant\bin;C:\Archivos de programa\Java\jdk1.6.0\bin
USERNAME=Administrador
OS=Windows_NT
PROCESSOR_IDENTIFIER=x86 Family 6 Model 15 Stepping 13, GenuineIntel



---------------  S Y S T E M  ---------------

OS: Windows XP Build 2600 Service Pack 3

CPU:total 2 (2 cores per cpu, 1 threads per core) family 6 model 15 stepping 13, cmov, cx8, fxsr, mmx, sse, sse2, sse3, ssse3

Memory: 4k page, physical 2030764k(1071020k free), swap 3972736k(2473336k free)

vm_info: Java HotSpot(TM) Client VM (10.0-b19) for windows-x86 JRE (1.6.0_05-b13), built on Feb 22 2008 01:16:53 by "java_re" with MS VC++ 7.1

time: Thu Nov 27 21:48:14 2008
elapsed time: 16 seconds

