This is pdfTeX, Version 3.1415926-1.40.10 (MiKTeX 2.8) (preloaded format=pdflatex 2009.9.20)  22 SEP 2009 16:26
entering extended mode
**C:/Richy/Organizacion*de*Computadoras/tp0/tp0EsqueletoInforme.tex
("C:/Richy/Organizacion de Computadoras/tp0/tp0EsqueletoInforme.tex"
LaTeX2e <2005/12/01>
Babel <v3.8l> and hyphenation patterns for english, dumylang, nohyphenation, ge
rman, ngerman, german-x-2009-06-19, ngerman-x-2009-06-19, french, loaded.
("C:\Archivos de programa\MiKTeX 2.8\tex\latex\base\article.cls"
Document Class: article 2005/09/16 v1.4f Standard LaTeX document class
("C:\Archivos de programa\MiKTeX 2.8\tex\latex\base\size11.clo"
File: size11.clo 2005/09/16 v1.4f Standard LaTeX file (size option)
)
\c@part=\count79
\c@section=\count80
\c@subsection=\count81
\c@subsubsection=\count82
\c@paragraph=\count83
\c@subparagraph=\count84
\c@figure=\count85
\c@table=\count86
\abovecaptionskip=\skip41
\belowcaptionskip=\skip42
\bibindent=\dimen102
)
("C:\Archivos de programa\MiKTeX 2.8\tex\latex\graphics\graphicx.sty"
Package: graphicx 1999/02/16 v1.0f Enhanced LaTeX Graphics (DPC,SPQR)

("C:\Archivos de programa\MiKTeX 2.8\tex\latex\graphics\keyval.sty"
Package: keyval 1999/03/16 v1.13 key=value parser (DPC)
\KV@toks@=\toks14
)
("C:\Archivos de programa\MiKTeX 2.8\tex\latex\graphics\graphics.sty"
Package: graphics 2006/02/20 v1.0o Standard LaTeX Graphics (DPC,SPQR)

("C:\Archivos de programa\MiKTeX 2.8\tex\latex\graphics\trig.sty"
Package: trig 1999/03/16 v1.09 sin cos tan (DPC)
)
("C:\Archivos de programa\MiKTeX 2.8\tex\latex\00miktex\graphics.cfg"
File: graphics.cfg 2007/01/18 v1.5 graphics configuration of teTeX/TeXLive
)
Package graphics Info: Driver file: pdftex.def on input line 90.

("C:\Archivos de programa\MiKTeX 2.8\tex\latex\pdftex-def\pdftex.def"
File: pdftex.def 2009/08/25 v0.04m Graphics/color for pdfTeX
\Gread@gobject=\count87
))
\Gin@req@height=\dimen103
\Gin@req@width=\dimen104
)
("C:\Archivos de programa\MiKTeX 2.8\tex\latex\base\inputenc.sty"
Package: inputenc 2006/05/05 v1.1b Input encoding file
\inpenc@prehook=\toks15
\inpenc@posthook=\toks16

("C:\Archivos de programa\MiKTeX 2.8\tex\latex\base\latin1.def"
File: latin1.def 2006/05/05 v1.1b Input encoding file
))
("C:\Archivos de programa\MiKTeX 2.8\tex\generic\babel\babel.sty"
Package: babel 2008/07/06 v3.8l The Babel package

*************************************
* Local config file bblopts.cfg used
*
("C:\Archivos de programa\MiKTeX 2.8\tex\latex\00miktex\bblopts.cfg"
File: bblopts.cfg 2006/07/31 v1.0 MiKTeX 'babel' configuration
)
("C:\Archivos de programa\MiKTeX 2.8\tex\generic\babel\spanish.ldf"
Language: spanish.ldf 2008/07/06 v5.0e Spanish support from the babel system

("C:\Archivos de programa\MiKTeX 2.8\tex\generic\babel\babel.def"
File: babel.def 2008/07/06 v3.8l Babel common definitions
\babel@savecnt=\count88
\U@D=\dimen105
)

Package babel Warning: No hyphenation patterns were loaded for
(babel)                the language `Spanish'
(babel)                I will use the patterns loaded for \language=0 instead.

\l@spanish = a dialect from \language0
\es@datefmt=\count89
\es@quottoks=\toks17
\es@quotdepth=\count90
Package babel Info: Making " an active character on input line 490.
Package babel Info: Making . an active character on input line 583.
Package babel Info: Making < an active character on input line 628.
Package babel Info: Making > an active character on input line 628.
Package babel Info: Making ' an active character on input line 655.
)) ("C:\Richy\Organizacion de Computadoras\tp0\tp0EsqueletoInforme.aux")
LaTeX Font Info:    Checking defaults for OML/cmm/m/it on input line 25.
LaTeX Font Info:    ... okay on input line 25.
LaTeX Font Info:    Checking defaults for T1/cmr/m/n on input line 25.
LaTeX Font Info:    ... okay on input line 25.
LaTeX Font Info:    Checking defaults for OT1/cmr/m/n on input line 25.
LaTeX Font Info:    ... okay on input line 25.
LaTeX Font Info:    Checking defaults for OMS/cmsy/m/n on input line 25.
LaTeX Font Info:    ... okay on input line 25.
LaTeX Font Info:    Checking defaults for OMX/cmex/m/n on input line 25.
LaTeX Font Info:    ... okay on input line 25.
LaTeX Font Info:    Checking defaults for U/cmr/m/n on input line 25.
LaTeX Font Info:    ... okay on input line 25.

("C:\Archivos de programa\MiKTeX 2.8\tex\context\base\supp-pdf.tex"
[Loading MPS to PDF converter (version 2006.09.02).]
\scratchcounter=\count91
\scratchdimen=\dimen106
\scratchbox=\box26
\nofMPsegments=\count92
\nofMParguments=\count93
\everyMPshowfont=\toks18
\MPscratchCnt=\count94
\MPscratchDim=\dimen107
\MPnumerator=\count95
\everyMPtoPDFconversion=\toks19
)
LaTeX Font Info:    External font `cmex10' loaded for size
(Font)              <12> on input line 26.
LaTeX Font Info:    External font `cmex10' loaded for size
(Font)              <8> on input line 26.
LaTeX Font Info:    External font `cmex10' loaded for size
(Font)              <6> on input line 26.
 [1

{C:/Documents and Settings/All Users/Datos de programa/MiKTeX/2.8/pdftex/config
/pdftex.map}]
LaTeX Font Info:    External font `cmex10' loaded for size
(Font)              <10.95> on input line 38.

Overfull \hbox (10.65793pt too wide) in paragraph at lines 56--59
\OT1/cmr/m/n/10.95 prime y de-scom-prime ficheros us-an-do los al-go-rit-mos de
 com-pre-sion de Burrows-
 []

[2]
Overfull \hbox (2.14009pt too wide) in paragraph at lines 67--68
[]\OT1/cmr/m/n/10.95 ifconfig lo:0 172.20.0.1 con-fig-u-ramos una ip para que N
etB-SD se conecte
 []


Overfull \hbox (5.27174pt too wide) in paragraph at lines 70--71
[]\OT1/cmr/m/n/10.95 scp -p 2222 ARCHI-VO US-ER@IP:/DIRDONDEQUIEROCOPIAR este
 []


Underfull \hbox (badness 10000) in paragraph at lines 75--82

 []

LaTeX Font Info:    Try loading font information for U+lasy on input line 96.
("C:\Archivos de programa\MiKTeX 2.8\tex\latex\base\ulasy.fd"
File: ulasy.fd 1998/08/17 v2.2e LaTeX symbol font definitions
) [3]
Underfull \hbox (badness 10000) in paragraph at lines 105--108

 []


Underfull \hbox (badness 10000) in paragraph at lines 105--108

 []


Underfull \hbox (badness 10000) in paragraph at lines 111--113

 []


! LaTeX Error: There's no line here to end.

See the LaTeX manual or LaTeX Companion for explanation.
Type  H <return>  for immediate help.
 ...                                              
                                                  
l.115 		\newline
                
Your command was ignored.
Type  I <command> <return>  to replace it with another command,
or  <return>  to continue without it.

LaTeX Font Info:    Try loading font information for OMS+cmr on input line 132.

("C:\Archivos de programa\MiKTeX 2.8\tex\latex\base\omscmr.fd"
File: omscmr.fd 1999/05/25 v2.5h Standard LaTeX font definitions
)
LaTeX Font Info:    Font shape `OMS/cmr/m/n' in size <10.95> not available
(Font)              Font shape `OMS/cmsy/m/n' tried instead on input line 132.

Overfull \hbox (1.25917pt too wide) in paragraph at lines 130--147
\OT1/cmr/m/n/10.95 Claramente pode-mos ver lo que se esta definien-do. En par-
tic-u-lar el parametro
 []


Underfull \hbox (badness 10000) in paragraph at lines 130--147

 []


Underfull \hbox (badness 10000) in paragraph at lines 130--147

 []


Underfull \hbox (badness 10000) in paragraph at lines 130--147

 []

[4]

LaTeX Warning: Reference `fig001' on page 5 undefined on input line 149.

<pruebaslinux.JPG, id=22, 486.31688pt x 588.69937pt>
File: pruebaslinux.JPG Graphic file (type jpg)
 <use pruebaslinux.JPG>
! Undefined control sequence.
l.157 	\afterpage
                 {\clearpage}
The control sequence at the end of the top line
of your error message was never \def'ed. If you have
misspelled it (e.g., `\hobx'), type `I' and the correct
spelling (e.g., `I\hbox'). Otherwise just continue,
and I'll forget about whatever was undefined.

[5] [6 <C:/Richy/Organizacion de Computadoras/tp0/pruebaslinux.JPG>]
<pruebasnetBSD.JPG, id=30, 489.32813pt x 600.74437pt>
File: pruebasnetBSD.JPG Graphic file (type jpg)
 <use pruebasnetBSD.JPG>

LaTeX Warning: Reference `fig002' on page 7 undefined on input line 165.

[7

 <C:/Richy/Organizacion de Computadoras/tp0/pruebasnetBSD.JPG>]
Overfull \hbox (31.7063pt too wide) in paragraph at lines 175--176
[]\OT1/cmr/m/n/10.95 http://www.cs.duke.edu/courses/spring04/cps108/resources/g
etoptman.html 
 []


Underfull \hbox (badness 10000) in paragraph at lines 177--178
[]\OT1/cmr/m/n/10.95 http://los-pajaros-de-hogano.blogspot.com/2009/03/hal-y-la
s-marcas-
 []

[8] ("C:\Richy\Organizacion de Computadoras\tp0\tp0EsqueletoInforme.aux")

LaTeX Warning: There were undefined references.


LaTeX Warning: Label(s) may have changed. Rerun to get cross-references right.

 ) 
Here is how much of TeX's memory you used:
 1658 strings out of 495285
 21717 string characters out of 3179726
 79048 words of memory out of 3000000
 4877 multiletter control sequences out of 15000+200000
 9740 words of font info for 35 fonts, out of 3000000 for 9000
 14 hyphenation exceptions out of 8191
 25i,7n,27p,770b,232s stack positions out of 5000i,500n,10000p,200000b,50000s
<C:/Archivos de programa/MiKTeX 2.8/fonts/type1/public/amsfonts/cm/cmbx10.pfb
><C:/Archivos de programa/MiKTeX 2.8/fonts/type1/public/amsfonts/cm/cmbx12.pfb>
<C:/Archivos de programa/MiKTeX 2.8/fonts/type1/public/amsfonts/cm/cmr10.pfb><C
:/Archivos de programa/MiKTeX 2.8/fonts/type1/public/amsfonts/cm/cmr12.pfb><C:/
Archivos de programa/MiKTeX 2.8/fonts/type1/public/amsfonts/cm/cmr8.pfb><C:/Arc
hivos de programa/MiKTeX 2.8/fonts/type1/public/amsfonts/cm/cmsy10.pfb><C:/Arch
ivos de programa/MiKTeX 2.8/fonts/type1/public/amsfonts/cm/cmti12.pfb><C:/Archi
vos de programa/MiKTeX 2.8/fonts/type1/public/amsfonts/cm/cmtt12.pfb><C:/Archiv
os de programa/MiKTeX 2.8/fonts/type1/public/amsfonts/latxfont/lasy10.pfb>
Output written on tp0EsqueletoInforme.pdf (8 pages, 314037 bytes).
PDF statistics:
 67 PDF objects out of 1000 (max. 8388607)
 0 named destinations out of 1000 (max. 500000)
 11 words of extra memory for PDF output out of 10000 (max. 10000000)

